// 同步 ID: 6e06b302 @ Sun Jun 14 16:15:59 UTC 2026
// 同步 ID: c1e0c892 @ Mon Jun 15 16:32:18 UTC 2026
// 同步 ID: 069994e5 @ Wed Jun 17 00:34:12 UTC 2026
// 同步 ID: 503ab8be @ Sat Jun 20 16:44:39 UTC 2026
// 同步 ID: eba11614 @ Sun Jun 28 09:03:51 UTC 2026
// 重构日志: db5ca55b
// 重构日志: 06989822
// 同步 ID: e471d387 @ Sat Jul  4 22:27:21 UTC 2026
// 同步 ID: 42cc02f6 @ Sun Jul  5 03:40:11 UTC 2026
// 重构日志: 1f5bb3e6
// 重构日志: 6b8079dd
// 重构日志: d67c9d00
// 重构日志: e6fb8678
// 重构日志: 5f913fb3
// 同步 ID: 76161fe5 @ Fri Jul 10 14:54:21 UTC 2026
// 同步 ID: b21d242b @ Fri Jul 10 17:49:27 UTC 2026
// 同步 ID: efbd91ee @ Sat Jul 11 08:30:18 UTC 2026
// 重构日志: b41f2724
// 重构日志: fec2508b
// 重构日志: d12d229b
// 重构日志: e38f0536
// 重构日志: 20efaf08
// 重构日志: 068eb4d4
// 同步 ID: 5b1d526f @ Wed Jul 15 03:15:49 UTC 2026
// 重构日志: 2dae89a9
// 重构日志: 62dc2cad
// 重构日志: 10d51789
// 重构日志: ecb7f119
// 重构日志: d1740ab8
// 同步 ID: 9d21e320 @ Thu Jul 16 18:17:40 UTC 2026
// 重构日志: d2120a15
// 重构日志: 5fca979e
// 重构日志: a3de6ecf
